2014/02/27 05:39:18 [error] [exception.CHttpException.404] exception 'CHttpException' with message 'Unable to resolve the request "docs/php/js/jquery.mousewheel.min.js".' in /Applications/XAMPP/xamppfiles/htdocs/framework/yii/framework/web/CWebApplication.php:286
Stack trace:
#0 /Applications/XAMPP/xamppfiles/htdocs/framework/yii/framework/web/CWebApplication.php(141): CWebApplication->runController('docs/php/js/jqu...')
#1 /Applications/XAMPP/xamppfiles/htdocs/framework/yii/framework/base/CApplication.php(180): CWebApplication->processRequest()
#2 /Applications/XAMPP/xamppfiles/htdocs/phpextjs_standart/index.php(13): CApplication->run()
#3 {main}
REQUEST_URI=/phpextjs_standart/docs/php/js/jquery.mousewheel.min.js
HTTP_REFERER=http://localhost/phpextjs_standart/docs/php/graphs/class.html
---
2014/02/27 05:39:18 [error] [exception.CHttpException.404] exception 'CHttpException' with message 'Unable to resolve the request "docs/php/graphs/classes.svg".' in /Applications/XAMPP/xamppfiles/htdocs/framework/yii/framework/web/CWebApplication.php:286
Stack trace:
#0 /Applications/XAMPP/xamppfiles/htdocs/framework/yii/framework/web/CWebApplication.php(141): CWebApplication->runController('docs/php/graphs...')
#1 /Applications/XAMPP/xamppfiles/htdocs/framework/yii/framework/base/CApplication.php(180): CWebApplication->processRequest()
#2 /Applications/XAMPP/xamppfiles/htdocs/phpextjs_standart/index.php(13): CApplication->run()
#3 {main}
REQUEST_URI=/phpextjs_standart/docs/php/graphs/classes.svg
HTTP_REFERER=http://localhost/phpextjs_standart/docs/php/graphs/class.html
---
2014/02/27 05:57:12 [error] [exception.CHttpException.404] exception 'CHttpException' with message 'Unable to resolve the request "docs/api/classes.svg".' in /Applications/XAMPP/xamppfiles/htdocs/framework/yii/framework/web/CWebApplication.php:286
Stack trace:
#0 /Applications/XAMPP/xamppfiles/htdocs/framework/yii/framework/web/CWebApplication.php(141): CWebApplication->runController('docs/api/classe...')
#1 /Applications/XAMPP/xamppfiles/htdocs/framework/yii/framework/base/CApplication.php(180): CWebApplication->processRequest()
#2 /Applications/XAMPP/xamppfiles/htdocs/phpextjs_standart/index.php(13): CApplication->run()
#3 {main}
REQUEST_URI=/phpextjs_standart/docs/api/classes.svg
HTTP_REFERER=http://localhost/phpextjs_standart/docs/api/graph_class.html
---
2014/02/27 06:06:20 [error] [exception.CHttpException.404] exception 'CHttpException' with message 'Unable to resolve the request "docs/api/classes.svg".' in /Applications/XAMPP/xamppfiles/htdocs/framework/yii/framework/web/CWebApplication.php:286
Stack trace:
#0 /Applications/XAMPP/xamppfiles/htdocs/framework/yii/framework/web/CWebApplication.php(141): CWebApplication->runController('docs/api/classe...')
#1 /Applications/XAMPP/xamppfiles/htdocs/framework/yii/framework/base/CApplication.php(180): CWebApplication->processRequest()
#2 /Applications/XAMPP/xamppfiles/htdocs/phpextjs_standart/index.php(13): CApplication->run()
#3 {main}
REQUEST_URI=/phpextjs_standart/docs/api/classes.svg
HTTP_REFERER=http://localhost/phpextjs_standart/docs/api/graph_class.html
---
2014/02/27 06:06:20 [error] [exception.CDbException] SQLSTATE[HY000] [1049] Unknown database 'phpextjs_standart'
2014/02/27 06:37:58 [error] [exception.CHttpException.404] exception 'CHttpException' with message 'Unable to resolve the request "docs/api/classes.svg".' in /Applications/XAMPP/xamppfiles/htdocs/framework/yii/framework/web/CWebApplication.php:286
Stack trace:
#0 /Applications/XAMPP/xamppfiles/htdocs/framework/yii/framework/web/CWebApplication.php(141): CWebApplication->runController('docs/api/classe...')
#1 /Applications/XAMPP/xamppfiles/htdocs/framework/yii/framework/base/CApplication.php(180): CWebApplication->processRequest()
#2 /Applications/XAMPP/xamppfiles/htdocs/phpextjs_standart/index.php(13): CApplication->run()
#3 {main}
REQUEST_URI=/phpextjs_standart/docs/api/classes.svg
HTTP_REFERER=http://localhost/phpextjs_standart/docs/api/graph_class.html
---
2014/02/27 06:37:58 [error] [exception.CDbException] SQLSTATE[HY000] [1049] Unknown database 'phpextjs_standart'
